2023-01-11 20:32:58,270 INFO o.a.j.u.JMeterUtils: Setting Locale to en_EN
2023-01-11 20:32:58,338 INFO o.a.j.JMeter: Loading user properties from: user.properties
2023-01-11 20:32:58,338 INFO o.a.j.JMeter: Loading system properties from: system.properties
2023-01-11 20:32:58,354 INFO o.a.j.JMeter: Copyright (c) 1998-2022 The Apache Software Foundation
2023-01-11 20:32:58,354 INFO o.a.j.JMeter: Version 5.5
2023-01-11 20:32:58,354 INFO o.a.j.JMeter: java.version=11.0.16
2023-01-11 20:32:58,354 INFO o.a.j.JMeter: java.vm.name=Java HotSpot(TM) 64-Bit Server VM
2023-01-11 20:32:58,354 INFO o.a.j.JMeter: os.name=Windows 10
2023-01-11 20:32:58,354 INFO o.a.j.JMeter: os.arch=amd64
2023-01-11 20:32:58,354 INFO o.a.j.JMeter: os.version=10.0
2023-01-11 20:32:58,354 INFO o.a.j.JMeter: file.encoding=Cp1254
2023-01-11 20:32:58,354 INFO o.a.j.JMeter: java.awt.headless=null
2023-01-11 20:32:58,354 INFO o.a.j.JMeter: Max memory     =1073741824
2023-01-11 20:32:58,354 INFO o.a.j.JMeter: Available Processors =4
2023-01-11 20:32:58,370 INFO o.a.j.JMeter: Default Locale=English (EN)
2023-01-11 20:32:58,370 INFO o.a.j.JMeter: JMeter  Locale=English (EN)
2023-01-11 20:32:58,370 INFO o.a.j.JMeter: JMeterHome=C:\Users\User\Desktop\apache-jmeter-5.5\apache-jmeter-5.5
2023-01-11 20:32:58,370 INFO o.a.j.JMeter: user.dir  =C:\Users\User\Desktop\apache-jmeter-5.5\apache-jmeter-5.5\bin
2023-01-11 20:32:58,370 INFO o.a.j.JMeter: PWD       =C:\Users\User\Desktop\apache-jmeter-5.5\apache-jmeter-5.5\bin
2023-01-11 20:32:58,385 INFO o.a.j.JMeter: IP: 192.168.1.194 Name: DESKTOP-FPNLLTQ FullName: DESKTOP-FPNLLTQ.modem.local
2023-01-11 20:32:58,416 INFO o.a.j.JMeter: Loaded icon properties from org/apache/jmeter/images/icon.properties
2023-01-11 20:32:59,026 INFO o.a.j.JMeterGuiLauncher: Setting LAF to: laf:com.sun.java.swing.plaf.windows.WindowsLookAndFeel
2023-01-11 20:33:19,731 INFO o.a.j.s.FileServer: Default base='C:\Users\User\Desktop\apache-jmeter-5.5\apache-jmeter-5.5\bin'
2023-01-11 20:33:19,746 INFO o.a.j.g.a.Load: Loading file: C:\Users\User\Desktop\apache-jmeter-5.5\apache-jmeter-5.5\bin\View Results in Table.jmx
2023-01-11 20:33:19,746 INFO o.a.j.s.FileServer: Set new base='C:\Users\User\Desktop\apache-jmeter-5.5\apache-jmeter-5.5\bin'
2023-01-11 20:33:20,168 INFO o.a.j.s.SaveService: Testplan (JMX) version: 2.2. Testlog (JTL) version: 2.2
2023-01-11 20:33:20,215 INFO o.a.j.s.SaveService: Using SaveService properties version 5.0
2023-01-11 20:33:20,215 INFO o.a.j.s.SaveService: Using SaveService properties file encoding UTF-8
2023-01-11 20:33:20,215 INFO o.a.j.s.SaveService: Loading file: C:\Users\User\Desktop\apache-jmeter-5.5\apache-jmeter-5.5\bin\View Results in Table.jmx
2023-01-11 20:33:20,277 INFO o.a.j.p.h.s.HTTPSamplerBase: Parser for text/html is org.apache.jmeter.protocol.http.parser.LagartoBasedHtmlParser
2023-01-11 20:33:20,277 INFO o.a.j.p.h.s.HTTPSamplerBase: Parser for application/xhtml+xml is org.apache.jmeter.protocol.http.parser.LagartoBasedHtmlParser
2023-01-11 20:33:20,277 INFO o.a.j.p.h.s.HTTPSamplerBase: Parser for application/xml is org.apache.jmeter.protocol.http.parser.LagartoBasedHtmlParser
2023-01-11 20:33:20,277 INFO o.a.j.p.h.s.HTTPSamplerBase: Parser for text/xml is org.apache.jmeter.protocol.http.parser.LagartoBasedHtmlParser
2023-01-11 20:33:20,277 INFO o.a.j.p.h.s.HTTPSamplerBase: Parser for text/vnd.wap.wml is org.apache.jmeter.protocol.http.parser.RegexpHTMLParser
2023-01-11 20:33:20,277 INFO o.a.j.p.h.s.HTTPSamplerBase: Parser for text/css is org.apache.jmeter.protocol.http.parser.CssParser
2023-01-11 20:33:20,559 INFO o.a.j.s.SampleResult: Note: Sample TimeStamps are START times
2023-01-11 20:33:20,559 INFO o.a.j.s.SampleResult: sampleresult.default.encoding is set to ISO-8859-1
2023-01-11 20:33:20,559 INFO o.a.j.s.SampleResult: sampleresult.useNanoTime=true
2023-01-11 20:33:20,559 INFO o.a.j.s.SampleResult: sampleresult.nanoThreadSleep=5000
2023-01-11 20:33:20,934 INFO o.a.j.v.ViewResultsFullVisualizer: Add JavaFX to your Java installation if you want to use renderer: org.apache.jmeter.visualizers.RenderInBrowser
2023-01-11 20:33:21,074 INFO o.a.j.s.FileServer: Set new base='C:\Users\User\Desktop\apache-jmeter-5.5\apache-jmeter-5.5\bin'
2023-01-11 20:36:26,999 INFO o.a.j.e.StandardJMeterEngine: Running the test!
2023-01-11 20:36:26,999 INFO o.a.j.s.SampleEvent: List of sample_variables: []
2023-01-11 20:36:26,999 INFO o.a.j.s.SampleEvent: List of sample_variables: []
2023-01-11 20:36:26,999 INFO o.a.j.e.u.CompoundVariable: Note: Function class names must contain the string: '.functions.'
2023-01-11 20:36:26,999 INFO o.a.j.e.u.CompoundVariable: Note: Function class names must not contain the string: '.gui.'
2023-01-11 20:36:27,523 INFO o.a.j.g.u.JMeterMenuBar: setRunning(true, *local*)
2023-01-11 20:36:27,616 INFO o.a.j.e.StandardJMeterEngine: No enabled thread groups found
2023-01-11 20:36:27,616 INFO o.a.j.e.StandardJMeterEngine: Starting tearDown thread groups
2023-01-11 20:36:27,616 INFO o.a.j.e.StandardJMeterEngine: Starting tearDown ThreadGroup: 1 : deneme1
2023-01-11 20:36:27,616 INFO o.a.j.e.StandardJMeterEngine: Starting 10 threads for group deneme1.
2023-01-11 20:36:27,616 INFO o.a.j.e.StandardJMeterEngine: Thread will start next loop on error
2023-01-11 20:36:27,616 INFO o.a.j.t.ThreadGroup: Starting thread group... number=1 threads=10 ramp-up=1 delayedStart=false
2023-01-11 20:36:27,631 INFO o.a.j.t.ThreadGroup: Started thread group number 1
2023-01-11 20:36:27,631 INFO o.a.j.t.JMeterThread: Thread started: deneme1 1-1
2023-01-11 20:36:27,663 INFO o.a.j.p.h.s.HTTPHCAbstractImpl: Local host = DESKTOP-FPNLLTQ
2023-01-11 20:36:27,678 INFO o.a.j.p.h.s.HTTPHC4Impl: HTTP request retry count = 0
2023-01-11 20:36:27,740 INFO o.a.j.t.JMeterThread: Thread started: deneme1 1-2
2023-01-11 20:36:27,842 INFO o.a.j.t.JMeterThread: Thread started: deneme1 1-3
2023-01-11 20:36:27,939 INFO o.a.j.t.JMeterThread: Thread started: deneme1 1-4
2023-01-11 20:36:27,986 INFO o.a.j.p.h.s.h.LazyLayeredConnectionSocketFactory: Setting up HTTPS TrustAll Socket Factory
2023-01-11 20:36:28,001 INFO o.a.j.u.JsseSSLManager: Using default SSL protocol: TLS
2023-01-11 20:36:28,001 INFO o.a.j.u.JsseSSLManager: SSL session context: per-thread
2023-01-11 20:36:28,032 INFO o.a.j.t.JMeterThread: Thread started: deneme1 1-5
2023-01-11 20:36:28,141 INFO o.a.j.t.JMeterThread: Thread started: deneme1 1-6
2023-01-11 20:36:28,242 INFO o.a.j.t.JMeterThread: Thread started: deneme1 1-7
2023-01-11 20:36:28,340 INFO o.a.j.t.JMeterThread: Thread started: deneme1 1-8
2023-01-11 20:36:28,418 INFO o.a.j.u.SSLManager: JmeterKeyStore Location:  type JKS
2023-01-11 20:36:28,418 INFO o.a.j.u.SSLManager: KeyStore created OK
2023-01-11 20:36:28,418 WARN o.a.j.u.SSLManager: Keystore file not found, loading empty keystore
2023-01-11 20:36:28,434 INFO o.a.j.t.JMeterThread: Thread started: deneme1 1-9
2023-01-11 20:36:28,543 INFO o.a.j.t.JMeterThread: Thread started: deneme1 1-10
2023-01-11 20:36:30,279 INFO o.a.j.t.JMeterThread: Thread is done: deneme1 1-4
2023-01-11 20:36:30,279 INFO o.a.j.t.JMeterThread: Thread finished: deneme1 1-4
2023-01-11 20:36:30,310 INFO o.a.j.t.JMeterThread: Thread is done: deneme1 1-2
2023-01-11 20:36:30,310 INFO o.a.j.t.JMeterThread: Thread finished: deneme1 1-2
2023-01-11 20:36:30,310 INFO o.a.j.t.JMeterThread: Thread is done: deneme1 1-6
2023-01-11 20:36:30,310 INFO o.a.j.t.JMeterThread: Thread finished: deneme1 1-6
2023-01-11 20:36:30,310 INFO o.a.j.t.JMeterThread: Thread is done: deneme1 1-9
2023-01-11 20:36:30,310 INFO o.a.j.t.JMeterThread: Thread finished: deneme1 1-9
2023-01-11 20:36:30,310 INFO o.a.j.t.JMeterThread: Thread is done: deneme1 1-10
2023-01-11 20:36:30,310 INFO o.a.j.t.JMeterThread: Thread finished: deneme1 1-10
2023-01-11 20:36:30,310 INFO o.a.j.t.JMeterThread: Thread is done: deneme1 1-7
2023-01-11 20:36:30,326 INFO o.a.j.t.JMeterThread: Thread finished: deneme1 1-7
2023-01-11 20:36:30,326 INFO o.a.j.t.JMeterThread: Thread is done: deneme1 1-3
2023-01-11 20:36:30,326 INFO o.a.j.t.JMeterThread: Thread finished: deneme1 1-3
2023-01-11 20:36:30,326 INFO o.a.j.t.JMeterThread: Thread is done: deneme1 1-1
2023-01-11 20:36:30,326 INFO o.a.j.t.JMeterThread: Thread finished: deneme1 1-1
2023-01-11 20:36:30,326 INFO o.a.j.t.JMeterThread: Thread is done: deneme1 1-8
2023-01-11 20:36:30,326 INFO o.a.j.t.JMeterThread: Thread finished: deneme1 1-8
2023-01-11 20:36:30,326 INFO o.a.j.t.JMeterThread: Thread is done: deneme1 1-5
2023-01-11 20:36:30,326 INFO o.a.j.t.JMeterThread: Thread finished: deneme1 1-5
2023-01-11 20:36:30,326 INFO o.a.j.e.StandardJMeterEngine: Notifying test listeners of end of test
2023-01-11 20:36:30,341 INFO o.a.j.g.u.JMeterMenuBar: setRunning(false, *local*)
2023-01-11 20:36:34,538 INFO o.a.j.e.StandardJMeterEngine: Running the test!
2023-01-11 20:36:34,539 INFO o.a.j.s.SampleEvent: List of sample_variables: []
2023-01-11 20:36:34,542 INFO o.a.j.g.u.JMeterMenuBar: setRunning(true, *local*)
2023-01-11 20:36:34,616 INFO o.a.j.e.StandardJMeterEngine: No enabled thread groups found
2023-01-11 20:36:34,616 INFO o.a.j.e.StandardJMeterEngine: Starting tearDown thread groups
2023-01-11 20:36:34,616 INFO o.a.j.e.StandardJMeterEngine: Starting tearDown ThreadGroup: 1 : deneme1
2023-01-11 20:36:34,616 INFO o.a.j.e.StandardJMeterEngine: Starting 10 threads for group deneme1.
2023-01-11 20:36:34,616 INFO o.a.j.e.StandardJMeterEngine: Thread will start next loop on error
2023-01-11 20:36:34,616 INFO o.a.j.t.ThreadGroup: Starting thread group... number=1 threads=10 ramp-up=1 delayedStart=false
2023-01-11 20:36:34,616 INFO o.a.j.t.ThreadGroup: Started thread group number 1
2023-01-11 20:36:34,616 INFO o.a.j.t.JMeterThread: Thread started: deneme1 1-1
2023-01-11 20:36:34,726 INFO o.a.j.t.JMeterThread: Thread started: deneme1 1-2
2023-01-11 20:36:34,827 INFO o.a.j.t.JMeterThread: Thread started: deneme1 1-3
2023-01-11 20:36:34,923 INFO o.a.j.t.JMeterThread: Thread started: deneme1 1-4
2023-01-11 20:36:35,016 INFO o.a.j.t.JMeterThread: Thread started: deneme1 1-5
2023-01-11 20:36:35,126 INFO o.a.j.t.JMeterThread: Thread started: deneme1 1-6
2023-01-11 20:36:35,227 INFO o.a.j.t.JMeterThread: Thread started: deneme1 1-7
2023-01-11 20:36:35,323 INFO o.a.j.t.JMeterThread: Thread started: deneme1 1-8
2023-01-11 20:36:35,428 INFO o.a.j.t.JMeterThread: Thread started: deneme1 1-9
2023-01-11 20:36:35,532 INFO o.a.j.t.JMeterThread: Thread started: deneme1 1-10
2023-01-11 20:36:35,695 INFO o.a.j.t.JMeterThread: Thread is done: deneme1 1-1
2023-01-11 20:36:35,695 INFO o.a.j.t.JMeterThread: Thread finished: deneme1 1-1
2023-01-11 20:36:35,748 INFO o.a.j.t.JMeterThread: Thread is done: deneme1 1-2
2023-01-11 20:36:35,748 INFO o.a.j.t.JMeterThread: Thread finished: deneme1 1-2
2023-01-11 20:36:35,894 INFO o.a.j.t.JMeterThread: Thread is done: deneme1 1-3
2023-01-11 20:36:35,894 INFO o.a.j.t.JMeterThread: Thread finished: deneme1 1-3
2023-01-11 20:36:35,917 INFO o.a.j.t.JMeterThread: Thread is done: deneme1 1-4
2023-01-11 20:36:35,917 INFO o.a.j.t.JMeterThread: Thread finished: deneme1 1-4
2023-01-11 20:36:36,060 INFO o.a.j.t.JMeterThread: Thread is done: deneme1 1-5
2023-01-11 20:36:36,060 INFO o.a.j.t.JMeterThread: Thread finished: deneme1 1-5
2023-01-11 20:36:36,122 INFO o.a.j.t.JMeterThread: Thread is done: deneme1 1-6
2023-01-11 20:36:36,122 INFO o.a.j.t.JMeterThread: Thread finished: deneme1 1-6
2023-01-11 20:36:36,231 INFO o.a.j.t.JMeterThread: Thread is done: deneme1 1-7
2023-01-11 20:36:36,231 INFO o.a.j.t.JMeterThread: Thread finished: deneme1 1-7
2023-01-11 20:36:36,345 INFO o.a.j.t.JMeterThread: Thread is done: deneme1 1-8
2023-01-11 20:36:36,346 INFO o.a.j.t.JMeterThread: Thread finished: deneme1 1-8
2023-01-11 20:36:36,460 INFO o.a.j.t.JMeterThread: Thread is done: deneme1 1-9
2023-01-11 20:36:36,460 INFO o.a.j.t.JMeterThread: Thread finished: deneme1 1-9
2023-01-11 20:36:36,554 INFO o.a.j.t.JMeterThread: Thread is done: deneme1 1-10
2023-01-11 20:36:36,554 INFO o.a.j.t.JMeterThread: Thread finished: deneme1 1-10
2023-01-11 20:36:36,554 INFO o.a.j.e.StandardJMeterEngine: Notifying test listeners of end of test
2023-01-11 20:36:36,554 INFO o.a.j.g.u.JMeterMenuBar: setRunning(false, *local*)
2023-01-11 20:36:39,979 INFO o.a.j.e.StandardJMeterEngine: Running the test!
2023-01-11 20:36:39,979 INFO o.a.j.s.SampleEvent: List of sample_variables: []
2023-01-11 20:36:39,979 INFO o.a.j.g.u.JMeterMenuBar: setRunning(true, *local*)
2023-01-11 20:36:40,040 INFO o.a.j.e.StandardJMeterEngine: No enabled thread groups found
2023-01-11 20:36:40,040 INFO o.a.j.e.StandardJMeterEngine: Starting tearDown thread groups
2023-01-11 20:36:40,040 INFO o.a.j.e.StandardJMeterEngine: Starting tearDown ThreadGroup: 1 : deneme1
2023-01-11 20:36:40,040 INFO o.a.j.e.StandardJMeterEngine: Starting 10 threads for group deneme1.
2023-01-11 20:36:40,041 INFO o.a.j.e.StandardJMeterEngine: Thread will start next loop on error
2023-01-11 20:36:40,041 INFO o.a.j.t.ThreadGroup: Starting thread group... number=1 threads=10 ramp-up=1 delayedStart=false
2023-01-11 20:36:40,046 INFO o.a.j.t.ThreadGroup: Started thread group number 1
2023-01-11 20:36:40,046 INFO o.a.j.t.JMeterThread: Thread started: deneme1 1-1
2023-01-11 20:36:40,155 INFO o.a.j.t.JMeterThread: Thread started: deneme1 1-2
2023-01-11 20:36:40,256 INFO o.a.j.t.JMeterThread: Thread started: deneme1 1-3
2023-01-11 20:36:40,355 INFO o.a.j.t.JMeterThread: Thread started: deneme1 1-4
2023-01-11 20:36:40,455 INFO o.a.j.t.JMeterThread: Thread started: deneme1 1-5
2023-01-11 20:36:40,554 INFO o.a.j.t.JMeterThread: Thread started: deneme1 1-6
2023-01-11 20:36:40,654 INFO o.a.j.t.JMeterThread: Thread started: deneme1 1-7
2023-01-11 20:36:40,754 INFO o.a.j.t.JMeterThread: Thread started: deneme1 1-8
2023-01-11 20:36:40,852 INFO o.a.j.t.JMeterThread: Thread started: deneme1 1-9
2023-01-11 20:36:40,952 INFO o.a.j.t.JMeterThread: Thread started: deneme1 1-10
2023-01-11 20:36:41,092 INFO o.a.j.t.JMeterThread: Thread is done: deneme1 1-1
2023-01-11 20:36:41,092 INFO o.a.j.t.JMeterThread: Thread finished: deneme1 1-1
2023-01-11 20:36:41,217 INFO o.a.j.t.JMeterThread: Thread is done: deneme1 1-2
2023-01-11 20:36:41,233 INFO o.a.j.t.JMeterThread: Thread finished: deneme1 1-2
2023-01-11 20:36:41,295 INFO o.a.j.t.JMeterThread: Thread is done: deneme1 1-3
2023-01-11 20:36:41,295 INFO o.a.j.t.JMeterThread: Thread finished: deneme1 1-3
2023-01-11 20:36:41,380 INFO o.a.j.t.JMeterThread: Thread is done: deneme1 1-4
2023-01-11 20:36:41,380 INFO o.a.j.t.JMeterThread: Thread finished: deneme1 1-4
2023-01-11 20:36:41,490 INFO o.a.j.t.JMeterThread: Thread is done: deneme1 1-5
2023-01-11 20:36:41,490 INFO o.a.j.t.JMeterThread: Thread finished: deneme1 1-5
2023-01-11 20:36:41,584 INFO o.a.j.t.JMeterThread: Thread is done: deneme1 1-6
2023-01-11 20:36:41,584 INFO o.a.j.t.JMeterThread: Thread finished: deneme1 1-6
2023-01-11 20:36:41,678 INFO o.a.j.t.JMeterThread: Thread is done: deneme1 1-7
2023-01-11 20:36:41,678 INFO o.a.j.t.JMeterThread: Thread finished: deneme1 1-7
2023-01-11 20:36:41,772 INFO o.a.j.t.JMeterThread: Thread is done: deneme1 1-8
2023-01-11 20:36:41,772 INFO o.a.j.t.JMeterThread: Thread finished: deneme1 1-8
2023-01-11 20:36:41,850 INFO o.a.j.t.JMeterThread: Thread is done: deneme1 1-9
2023-01-11 20:36:41,850 INFO o.a.j.t.JMeterThread: Thread finished: deneme1 1-9
2023-01-11 20:36:42,016 INFO o.a.j.t.JMeterThread: Thread is done: deneme1 1-10
2023-01-11 20:36:42,016 INFO o.a.j.t.JMeterThread: Thread finished: deneme1 1-10
2023-01-11 20:36:42,016 INFO o.a.j.e.StandardJMeterEngine: Notifying test listeners of end of test
2023-01-11 20:36:42,016 INFO o.a.j.g.u.JMeterMenuBar: setRunning(false, *local*)
2023-01-11 20:37:04,864 INFO o.a.j.e.StandardJMeterEngine: Running the test!
2023-01-11 20:37:04,864 INFO o.a.j.s.SampleEvent: List of sample_variables: []
2023-01-11 20:37:04,864 INFO o.a.j.g.u.JMeterMenuBar: setRunning(true, *local*)
2023-01-11 20:37:04,939 INFO o.a.j.e.StandardJMeterEngine: No enabled thread groups found
2023-01-11 20:37:04,940 INFO o.a.j.e.StandardJMeterEngine: Starting tearDown thread groups
2023-01-11 20:37:04,940 INFO o.a.j.e.StandardJMeterEngine: Starting tearDown ThreadGroup: 1 : deneme1
2023-01-11 20:37:04,940 INFO o.a.j.e.StandardJMeterEngine: Starting 10 threads for group deneme1.
2023-01-11 20:37:04,940 INFO o.a.j.e.StandardJMeterEngine: Thread will start next loop on error
2023-01-11 20:37:04,940 INFO o.a.j.t.ThreadGroup: Starting thread group... number=1 threads=10 ramp-up=2 delayedStart=false
2023-01-11 20:37:04,945 INFO o.a.j.t.ThreadGroup: Started thread group number 1
2023-01-11 20:37:04,950 INFO o.a.j.t.JMeterThread: Thread started: deneme1 1-1
2023-01-11 20:37:05,155 INFO o.a.j.t.JMeterThread: Thread started: deneme1 1-2
2023-01-11 20:37:05,356 INFO o.a.j.t.JMeterThread: Thread started: deneme1 1-3
2023-01-11 20:37:05,548 INFO o.a.j.t.JMeterThread: Thread started: deneme1 1-4
2023-01-11 20:37:05,755 INFO o.a.j.t.JMeterThread: Thread started: deneme1 1-5
2023-01-11 20:37:05,954 INFO o.a.j.t.JMeterThread: Thread started: deneme1 1-6
2023-01-11 20:37:06,086 INFO o.a.j.t.JMeterThread: Thread is done: deneme1 1-1
2023-01-11 20:37:06,086 INFO o.a.j.t.JMeterThread: Thread finished: deneme1 1-1
2023-01-11 20:37:06,154 INFO o.a.j.t.JMeterThread: Thread started: deneme1 1-7
2023-01-11 20:37:06,173 INFO o.a.j.t.JMeterThread: Thread is done: deneme1 1-2
2023-01-11 20:37:06,173 INFO o.a.j.t.JMeterThread: Thread finished: deneme1 1-2
2023-01-11 20:37:06,354 INFO o.a.j.t.JMeterThread: Thread started: deneme1 1-8
2023-01-11 20:37:06,403 INFO o.a.j.t.JMeterThread: Thread is done: deneme1 1-3
2023-01-11 20:37:06,404 INFO o.a.j.t.JMeterThread: Thread finished: deneme1 1-3
2023-01-11 20:37:06,555 INFO o.a.j.t.JMeterThread: Thread started: deneme1 1-9
2023-01-11 20:37:06,644 INFO o.a.j.t.JMeterThread: Thread is done: deneme1 1-4
2023-01-11 20:37:06,644 INFO o.a.j.t.JMeterThread: Thread finished: deneme1 1-4
2023-01-11 20:37:06,754 INFO o.a.j.t.JMeterThread: Thread started: deneme1 1-10
2023-01-11 20:37:06,891 INFO o.a.j.t.JMeterThread: Thread is done: deneme1 1-5
2023-01-11 20:37:06,891 INFO o.a.j.t.JMeterThread: Thread finished: deneme1 1-5
2023-01-11 20:37:07,060 INFO o.a.j.t.JMeterThread: Thread is done: deneme1 1-6
2023-01-11 20:37:07,060 INFO o.a.j.t.JMeterThread: Thread finished: deneme1 1-6
2023-01-11 20:37:07,248 INFO o.a.j.t.JMeterThread: Thread is done: deneme1 1-7
2023-01-11 20:37:07,248 INFO o.a.j.t.JMeterThread: Thread finished: deneme1 1-7
2023-01-11 20:37:07,380 INFO o.a.j.t.JMeterThread: Thread is done: deneme1 1-8
2023-01-11 20:37:07,380 INFO o.a.j.t.JMeterThread: Thread finished: deneme1 1-8
2023-01-11 20:37:07,585 INFO o.a.j.t.JMeterThread: Thread is done: deneme1 1-9
2023-01-11 20:37:07,585 INFO o.a.j.t.JMeterThread: Thread finished: deneme1 1-9
2023-01-11 20:37:07,796 INFO o.a.j.t.JMeterThread: Thread is done: deneme1 1-10
2023-01-11 20:37:07,796 INFO o.a.j.t.JMeterThread: Thread finished: deneme1 1-10
2023-01-11 20:37:07,796 INFO o.a.j.e.StandardJMeterEngine: Notifying test listeners of end of test
2023-01-11 20:37:07,796 INFO o.a.j.g.u.JMeterMenuBar: setRunning(false, *local*)
2023-01-11 20:37:14,786 INFO o.a.j.e.StandardJMeterEngine: Running the test!
2023-01-11 20:37:14,786 INFO o.a.j.s.SampleEvent: List of sample_variables: []
2023-01-11 20:37:14,786 INFO o.a.j.g.u.JMeterMenuBar: setRunning(true, *local*)
2023-01-11 20:37:14,861 INFO o.a.j.e.StandardJMeterEngine: No enabled thread groups found
2023-01-11 20:37:14,861 INFO o.a.j.e.StandardJMeterEngine: Starting tearDown thread groups
2023-01-11 20:37:14,861 INFO o.a.j.e.StandardJMeterEngine: Starting tearDown ThreadGroup: 1 : deneme1
2023-01-11 20:37:14,861 INFO o.a.j.e.StandardJMeterEngine: Starting 10 threads for group deneme1.
2023-01-11 20:37:14,861 INFO o.a.j.e.StandardJMeterEngine: Thread will start next loop on error
2023-01-11 20:37:14,861 INFO o.a.j.t.ThreadGroup: Starting thread group... number=1 threads=10 ramp-up=2 delayedStart=false
2023-01-11 20:37:14,861 INFO o.a.j.t.JMeterThread: Thread started: deneme1 1-1
2023-01-11 20:37:14,861 INFO o.a.j.t.ThreadGroup: Started thread group number 1
2023-01-11 20:37:15,064 INFO o.a.j.t.JMeterThread: Thread started: deneme1 1-2
2023-01-11 20:37:15,276 INFO o.a.j.t.JMeterThread: Thread started: deneme1 1-3
2023-01-11 20:37:15,463 INFO o.a.j.t.JMeterThread: Thread started: deneme1 1-4
2023-01-11 20:37:15,676 INFO o.a.j.t.JMeterThread: Thread started: deneme1 1-5
2023-01-11 20:37:15,863 INFO o.a.j.t.JMeterThread: Thread started: deneme1 1-6
2023-01-11 20:37:15,901 INFO o.a.j.t.JMeterThread: Thread is done: deneme1 1-1
2023-01-11 20:37:15,902 INFO o.a.j.t.JMeterThread: Thread finished: deneme1 1-1
2023-01-11 20:37:16,062 INFO o.a.j.t.JMeterThread: Thread started: deneme1 1-7
2023-01-11 20:37:16,135 INFO o.a.j.t.JMeterThread: Thread is done: deneme1 1-2
2023-01-11 20:37:16,135 INFO o.a.j.t.JMeterThread: Thread finished: deneme1 1-2
2023-01-11 20:37:16,262 INFO o.a.j.t.JMeterThread: Thread started: deneme1 1-8
2023-01-11 20:37:16,347 INFO o.a.j.t.JMeterThread: Thread is done: deneme1 1-3
2023-01-11 20:37:16,347 INFO o.a.j.t.JMeterThread: Thread finished: deneme1 1-3
2023-01-11 20:37:16,462 INFO o.a.j.t.JMeterThread: Thread started: deneme1 1-9
2023-01-11 20:37:16,568 INFO o.a.j.t.JMeterThread: Thread is done: deneme1 1-4
2023-01-11 20:37:16,568 INFO o.a.j.t.JMeterThread: Thread finished: deneme1 1-4
2023-01-11 20:37:16,662 INFO o.a.j.t.JMeterThread: Thread started: deneme1 1-10
2023-01-11 20:37:16,763 INFO o.a.j.t.JMeterThread: Thread is done: deneme1 1-5
2023-01-11 20:37:16,763 INFO o.a.j.t.JMeterThread: Thread finished: deneme1 1-5
2023-01-11 20:37:16,910 INFO o.a.j.t.JMeterThread: Thread is done: deneme1 1-6
2023-01-11 20:37:16,910 INFO o.a.j.t.JMeterThread: Thread finished: deneme1 1-6
2023-01-11 20:37:17,122 INFO o.a.j.t.JMeterThread: Thread is done: deneme1 1-7
2023-01-11 20:37:17,122 INFO o.a.j.t.JMeterThread: Thread finished: deneme1 1-7
2023-01-11 20:37:17,372 INFO o.a.j.t.JMeterThread: Thread is done: deneme1 1-8
2023-01-11 20:37:17,372 INFO o.a.j.t.JMeterThread: Thread finished: deneme1 1-8
2023-01-11 20:37:17,512 INFO o.a.j.t.JMeterThread: Thread is done: deneme1 1-9
2023-01-11 20:37:17,512 INFO o.a.j.t.JMeterThread: Thread finished: deneme1 1-9
2023-01-11 20:37:17,691 INFO o.a.j.t.JMeterThread: Thread is done: deneme1 1-10
2023-01-11 20:37:17,691 INFO o.a.j.t.JMeterThread: Thread finished: deneme1 1-10
2023-01-11 20:37:17,691 INFO o.a.j.e.StandardJMeterEngine: Notifying test listeners of end of test
2023-01-11 20:37:17,691 INFO o.a.j.g.u.JMeterMenuBar: setRunning(false, *local*)
2023-01-11 20:37:39,456 INFO o.a.j.e.StandardJMeterEngine: Running the test!
2023-01-11 20:37:39,457 INFO o.a.j.s.SampleEvent: List of sample_variables: []
2023-01-11 20:37:39,458 INFO o.a.j.g.u.JMeterMenuBar: setRunning(true, *local*)
2023-01-11 20:37:39,461 INFO o.a.j.e.StandardJMeterEngine: No enabled thread groups found
2023-01-11 20:37:39,461 INFO o.a.j.e.StandardJMeterEngine: Starting tearDown thread groups
2023-01-11 20:37:39,461 INFO o.a.j.e.StandardJMeterEngine: Starting tearDown ThreadGroup: 1 : deneme1
2023-01-11 20:37:39,461 INFO o.a.j.e.StandardJMeterEngine: Starting 10 threads for group deneme1.
2023-01-11 20:37:39,461 INFO o.a.j.e.StandardJMeterEngine: Thread will start next loop on error
2023-01-11 20:37:39,461 INFO o.a.j.t.ThreadGroup: Starting thread group... number=1 threads=10 ramp-up=2 delayedStart=false
2023-01-11 20:37:39,461 INFO o.a.j.t.ThreadGroup: Started thread group number 1
2023-01-11 20:37:39,477 INFO o.a.j.t.JMeterThread: Thread started: deneme1 1-1
2023-01-11 20:37:39,680 INFO o.a.j.t.JMeterThread: Thread started: deneme1 1-2
2023-01-11 20:37:39,892 INFO o.a.j.t.JMeterThread: Thread started: deneme1 1-3
2023-01-11 20:37:40,080 INFO o.a.j.t.JMeterThread: Thread started: deneme1 1-4
2023-01-11 20:37:40,292 INFO o.a.j.t.JMeterThread: Thread started: deneme1 1-5
2023-01-11 20:37:40,476 INFO o.a.j.t.JMeterThread: Thread is done: deneme1 1-1
2023-01-11 20:37:40,477 INFO o.a.j.t.JMeterThread: Thread finished: deneme1 1-1
2023-01-11 20:37:40,479 INFO o.a.j.t.JMeterThread: Thread started: deneme1 1-6
2023-01-11 20:37:40,567 INFO o.a.j.t.JMeterThread: Thread is done: deneme1 1-2
2023-01-11 20:37:40,567 INFO o.a.j.t.JMeterThread: Thread finished: deneme1 1-2
2023-01-11 20:37:40,678 INFO o.a.j.t.JMeterThread: Thread started: deneme1 1-7
2023-01-11 20:37:40,774 INFO o.a.j.t.JMeterThread: Thread is done: deneme1 1-3
2023-01-11 20:37:40,774 INFO o.a.j.t.JMeterThread: Thread finished: deneme1 1-3
2023-01-11 20:37:40,861 INFO o.a.j.t.JMeterThread: Thread started: deneme1 1-8
2023-01-11 20:37:40,980 INFO o.a.j.t.JMeterThread: Thread is done: deneme1 1-4
2023-01-11 20:37:40,980 INFO o.a.j.t.JMeterThread: Thread finished: deneme1 1-4
2023-01-11 20:37:41,061 INFO o.a.j.t.JMeterThread: Thread started: deneme1 1-9
2023-01-11 20:37:41,147 INFO o.a.j.t.JMeterThread: Thread is done: deneme1 1-5
2023-01-11 20:37:41,147 INFO o.a.j.t.JMeterThread: Thread finished: deneme1 1-5
2023-01-11 20:37:41,261 INFO o.a.j.t.JMeterThread: Thread started: deneme1 1-10
2023-01-11 20:37:41,316 INFO o.a.j.t.JMeterThread: Thread is done: deneme1 1-6
2023-01-11 20:37:41,316 INFO o.a.j.t.JMeterThread: Thread finished: deneme1 1-6
2023-01-11 20:37:41,553 INFO o.a.j.t.JMeterThread: Thread is done: deneme1 1-7
2023-01-11 20:37:41,553 INFO o.a.j.t.JMeterThread: Thread finished: deneme1 1-7
2023-01-11 20:37:41,725 INFO o.a.j.t.JMeterThread: Thread is done: deneme1 1-8
2023-01-11 20:37:41,725 INFO o.a.j.t.JMeterThread: Thread finished: deneme1 1-8
2023-01-11 20:37:41,897 INFO o.a.j.t.JMeterThread: Thread is done: deneme1 1-9
2023-01-11 20:37:41,897 INFO o.a.j.t.JMeterThread: Thread finished: deneme1 1-9
2023-01-11 20:37:42,091 INFO o.a.j.t.JMeterThread: Thread is done: deneme1 1-10
2023-01-11 20:37:42,091 INFO o.a.j.t.JMeterThread: Thread finished: deneme1 1-10
2023-01-11 20:37:42,091 INFO o.a.j.e.StandardJMeterEngine: Notifying test listeners of end of test
2023-01-11 20:37:42,091 INFO o.a.j.g.u.JMeterMenuBar: setRunning(false, *local*)
2023-01-11 20:42:43,063 INFO o.a.j.e.StandardJMeterEngine: Running the test!
2023-01-11 20:42:43,063 INFO o.a.j.s.SampleEvent: List of sample_variables: []
2023-01-11 20:42:43,064 INFO o.a.j.g.u.JMeterMenuBar: setRunning(true, *local*)
2023-01-11 20:42:43,128 INFO o.a.j.e.StandardJMeterEngine: No enabled thread groups found
2023-01-11 20:42:43,128 INFO o.a.j.e.StandardJMeterEngine: Starting tearDown thread groups
2023-01-11 20:42:43,128 INFO o.a.j.e.StandardJMeterEngine: Starting tearDown ThreadGroup: 1 : deneme1
2023-01-11 20:42:43,128 INFO o.a.j.e.StandardJMeterEngine: Starting 10 threads for group deneme1.
2023-01-11 20:42:43,128 INFO o.a.j.e.StandardJMeterEngine: Thread will start next loop on error
2023-01-11 20:42:43,128 INFO o.a.j.t.ThreadGroup: Starting thread group... number=1 threads=10 ramp-up=2 delayedStart=false
2023-01-11 20:42:43,131 INFO o.a.j.t.JMeterThread: Thread started: deneme1 1-1
2023-01-11 20:42:43,132 INFO o.a.j.t.ThreadGroup: Started thread group number 1
2023-01-11 20:42:43,333 INFO o.a.j.t.JMeterThread: Thread started: deneme1 1-2
2023-01-11 20:42:43,533 INFO o.a.j.t.JMeterThread: Thread started: deneme1 1-3
2023-01-11 20:42:43,732 INFO o.a.j.t.JMeterThread: Thread started: deneme1 1-4
2023-01-11 20:42:43,933 INFO o.a.j.t.JMeterThread: Thread started: deneme1 1-5
2023-01-11 20:42:44,053 INFO o.a.j.t.JMeterThread: Thread is done: deneme1 1-1
2023-01-11 20:42:44,053 INFO o.a.j.t.JMeterThread: Thread finished: deneme1 1-1
2023-01-11 20:42:44,133 INFO o.a.j.t.JMeterThread: Thread started: deneme1 1-6
2023-01-11 20:42:44,235 INFO o.a.j.t.JMeterThread: Thread is done: deneme1 1-2
2023-01-11 20:42:44,235 INFO o.a.j.t.JMeterThread: Thread finished: deneme1 1-2
2023-01-11 20:42:44,333 INFO o.a.j.t.JMeterThread: Thread started: deneme1 1-7
2023-01-11 20:42:44,376 INFO o.a.j.t.JMeterThread: Thread is done: deneme1 1-3
2023-01-11 20:42:44,376 INFO o.a.j.t.JMeterThread: Thread finished: deneme1 1-3
2023-01-11 20:42:44,533 INFO o.a.j.t.JMeterThread: Thread started: deneme1 1-8
2023-01-11 20:42:44,589 INFO o.a.j.t.JMeterThread: Thread is done: deneme1 1-4
2023-01-11 20:42:44,589 INFO o.a.j.t.JMeterThread: Thread finished: deneme1 1-4
2023-01-11 20:42:44,732 INFO o.a.j.t.JMeterThread: Thread started: deneme1 1-9
2023-01-11 20:42:44,771 INFO o.a.j.t.JMeterThread: Thread is done: deneme1 1-5
2023-01-11 20:42:44,772 INFO o.a.j.t.JMeterThread: Thread finished: deneme1 1-5
2023-01-11 20:42:44,932 INFO o.a.j.t.JMeterThread: Thread started: deneme1 1-10
2023-01-11 20:42:45,017 INFO o.a.j.t.JMeterThread: Thread is done: deneme1 1-6
2023-01-11 20:42:45,017 INFO o.a.j.t.JMeterThread: Thread finished: deneme1 1-6
2023-01-11 20:42:45,168 INFO o.a.j.t.JMeterThread: Thread is done: deneme1 1-7
2023-01-11 20:42:45,168 INFO o.a.j.t.JMeterThread: Thread finished: deneme1 1-7
2023-01-11 20:42:45,380 INFO o.a.j.t.JMeterThread: Thread is done: deneme1 1-8
2023-01-11 20:42:45,380 INFO o.a.j.t.JMeterThread: Thread finished: deneme1 1-8
2023-01-11 20:42:45,597 INFO o.a.j.t.JMeterThread: Thread is done: deneme1 1-9
2023-01-11 20:42:45,597 INFO o.a.j.t.JMeterThread: Thread finished: deneme1 1-9
2023-01-11 20:42:45,781 INFO o.a.j.t.JMeterThread: Thread is done: deneme1 1-10
2023-01-11 20:42:45,781 INFO o.a.j.t.JMeterThread: Thread finished: deneme1 1-10
2023-01-11 20:42:45,784 INFO o.a.j.e.StandardJMeterEngine: Notifying test listeners of end of test
2023-01-11 20:42:45,785 INFO o.a.j.g.u.JMeterMenuBar: setRunning(false, *local*)
2023-01-11 20:42:49,542 INFO o.a.j.e.StandardJMeterEngine: Running the test!
2023-01-11 20:42:49,542 INFO o.a.j.s.SampleEvent: List of sample_variables: []
2023-01-11 20:42:49,543 INFO o.a.j.g.u.JMeterMenuBar: setRunning(true, *local*)
2023-01-11 20:42:49,547 INFO o.a.j.e.StandardJMeterEngine: No enabled thread groups found
2023-01-11 20:42:49,547 INFO o.a.j.e.StandardJMeterEngine: Starting tearDown thread groups
2023-01-11 20:42:49,547 INFO o.a.j.e.StandardJMeterEngine: Starting tearDown ThreadGroup: 1 : deneme1
2023-01-11 20:42:49,547 INFO o.a.j.e.StandardJMeterEngine: Starting 10 threads for group deneme1.
2023-01-11 20:42:49,547 INFO o.a.j.e.StandardJMeterEngine: Thread will start next loop on error
2023-01-11 20:42:49,548 INFO o.a.j.t.ThreadGroup: Starting thread group... number=1 threads=10 ramp-up=2 delayedStart=false
2023-01-11 20:42:49,550 INFO o.a.j.t.JMeterThread: Thread started: deneme1 1-1
2023-01-11 20:42:49,552 INFO o.a.j.t.ThreadGroup: Started thread group number 1
2023-01-11 20:42:49,767 INFO o.a.j.t.JMeterThread: Thread started: deneme1 1-2
2023-01-11 20:42:49,956 INFO o.a.j.t.JMeterThread: Thread started: deneme1 1-3
2023-01-11 20:42:50,156 INFO o.a.j.t.JMeterThread: Thread started: deneme1 1-4
2023-01-11 20:42:50,356 INFO o.a.j.t.JMeterThread: Thread started: deneme1 1-5
2023-01-11 20:42:50,486 INFO o.a.j.t.JMeterThread: Thread is done: deneme1 1-1
2023-01-11 20:42:50,486 INFO o.a.j.t.JMeterThread: Thread finished: deneme1 1-1
2023-01-11 20:42:50,553 INFO o.a.j.t.JMeterThread: Thread started: deneme1 1-6
2023-01-11 20:42:50,753 INFO o.a.j.t.JMeterThread: Thread started: deneme1 1-7
2023-01-11 20:42:50,780 INFO o.a.j.t.JMeterThread: Thread is done: deneme1 1-2
2023-01-11 20:42:50,780 INFO o.a.j.t.JMeterThread: Thread finished: deneme1 1-2
2023-01-11 20:42:50,952 INFO o.a.j.t.JMeterThread: Thread started: deneme1 1-8
2023-01-11 20:42:51,068 INFO o.a.j.t.JMeterThread: Thread is done: deneme1 1-3
2023-01-11 20:42:51,068 INFO o.a.j.t.JMeterThread: Thread finished: deneme1 1-3
2023-01-11 20:42:51,155 INFO o.a.j.t.JMeterThread: Thread started: deneme1 1-9
2023-01-11 20:42:51,246 INFO o.a.j.t.JMeterThread: Thread is done: deneme1 1-4
2023-01-11 20:42:51,246 INFO o.a.j.t.JMeterThread: Thread finished: deneme1 1-4
2023-01-11 20:42:51,326 INFO o.a.j.t.JMeterThread: Thread is done: deneme1 1-5
2023-01-11 20:42:51,327 INFO o.a.j.t.JMeterThread: Thread finished: deneme1 1-5
2023-01-11 20:42:51,355 INFO o.a.j.t.JMeterThread: Thread started: deneme1 1-10
2023-01-11 20:42:51,541 INFO o.a.j.t.JMeterThread: Thread is done: deneme1 1-6
2023-01-11 20:42:51,541 INFO o.a.j.t.JMeterThread: Thread finished: deneme1 1-6
2023-01-11 20:42:51,794 INFO o.a.j.t.JMeterThread: Thread is done: deneme1 1-7
2023-01-11 20:42:51,795 INFO o.a.j.t.JMeterThread: Thread finished: deneme1 1-7
2023-01-11 20:42:52,098 INFO o.a.j.t.JMeterThread: Thread is done: deneme1 1-8
2023-01-11 20:42:52,098 INFO o.a.j.t.JMeterThread: Thread finished: deneme1 1-8
2023-01-11 20:42:52,378 INFO o.a.j.t.JMeterThread: Thread is done: deneme1 1-9
2023-01-11 20:42:52,378 INFO o.a.j.t.JMeterThread: Thread finished: deneme1 1-9
2023-01-11 20:42:52,682 INFO o.a.j.t.JMeterThread: Thread is done: deneme1 1-10
2023-01-11 20:42:52,683 INFO o.a.j.t.JMeterThread: Thread finished: deneme1 1-10
2023-01-11 20:42:52,683 INFO o.a.j.e.StandardJMeterEngine: Notifying test listeners of end of test
2023-01-11 20:42:52,684 INFO o.a.j.g.u.JMeterMenuBar: setRunning(false, *local*)
2023-01-11 20:42:58,316 INFO o.a.j.e.StandardJMeterEngine: Running the test!
2023-01-11 20:42:58,317 INFO o.a.j.s.SampleEvent: List of sample_variables: []
2023-01-11 20:42:58,317 INFO o.a.j.g.u.JMeterMenuBar: setRunning(true, *local*)
2023-01-11 20:42:58,322 INFO o.a.j.e.StandardJMeterEngine: No enabled thread groups found
2023-01-11 20:42:58,322 INFO o.a.j.e.StandardJMeterEngine: Starting tearDown thread groups
2023-01-11 20:42:58,323 INFO o.a.j.e.StandardJMeterEngine: Starting tearDown ThreadGroup: 1 : deneme1
2023-01-11 20:42:58,323 INFO o.a.j.e.StandardJMeterEngine: Starting 10 threads for group deneme1.
2023-01-11 20:42:58,323 INFO o.a.j.e.StandardJMeterEngine: Thread will start next loop on error
2023-01-11 20:42:58,323 INFO o.a.j.t.ThreadGroup: Starting thread group... number=1 threads=10 ramp-up=2 delayedStart=false
2023-01-11 20:42:58,328 INFO o.a.j.t.ThreadGroup: Started thread group number 1
2023-01-11 20:42:58,332 INFO o.a.j.t.JMeterThread: Thread started: deneme1 1-1
2023-01-11 20:42:58,534 INFO o.a.j.t.JMeterThread: Thread started: deneme1 1-2
2023-01-11 20:42:58,736 INFO o.a.j.t.JMeterThread: Thread started: deneme1 1-3
2023-01-11 20:42:58,935 INFO o.a.j.t.JMeterThread: Thread started: deneme1 1-4
2023-01-11 20:42:59,135 INFO o.a.j.t.JMeterThread: Thread started: deneme1 1-5
2023-01-11 20:42:59,213 INFO o.a.j.t.JMeterThread: Thread is done: deneme1 1-1
2023-01-11 20:42:59,213 INFO o.a.j.t.JMeterThread: Thread finished: deneme1 1-1
2023-01-11 20:42:59,335 INFO o.a.j.t.JMeterThread: Thread started: deneme1 1-6
2023-01-11 20:42:59,421 INFO o.a.j.t.JMeterThread: Thread is done: deneme1 1-2
2023-01-11 20:42:59,422 INFO o.a.j.t.JMeterThread: Thread finished: deneme1 1-2
2023-01-11 20:42:59,535 INFO o.a.j.t.JMeterThread: Thread started: deneme1 1-7
2023-01-11 20:42:59,601 INFO o.a.j.t.JMeterThread: Thread is done: deneme1 1-3
2023-01-11 20:42:59,602 INFO o.a.j.t.JMeterThread: Thread finished: deneme1 1-3
2023-01-11 20:42:59,735 INFO o.a.j.t.JMeterThread: Thread started: deneme1 1-8
2023-01-11 20:42:59,772 INFO o.a.j.t.JMeterThread: Thread is done: deneme1 1-4
2023-01-11 20:42:59,773 INFO o.a.j.t.JMeterThread: Thread finished: deneme1 1-4
2023-01-11 20:42:59,935 INFO o.a.j.t.JMeterThread: Thread started: deneme1 1-9
2023-01-11 20:43:00,022 INFO o.a.j.t.JMeterThread: Thread is done: deneme1 1-5
2023-01-11 20:43:00,022 INFO o.a.j.t.JMeterThread: Thread finished: deneme1 1-5
2023-01-11 20:43:00,135 INFO o.a.j.t.JMeterThread: Thread started: deneme1 1-10
2023-01-11 20:43:00,211 INFO o.a.j.t.JMeterThread: Thread is done: deneme1 1-6
2023-01-11 20:43:00,211 INFO o.a.j.t.JMeterThread: Thread finished: deneme1 1-6
2023-01-11 20:43:00,379 INFO o.a.j.t.JMeterThread: Thread is done: deneme1 1-7
2023-01-11 20:43:00,379 INFO o.a.j.t.JMeterThread: Thread finished: deneme1 1-7
2023-01-11 20:43:00,608 INFO o.a.j.t.JMeterThread: Thread is done: deneme1 1-8
2023-01-11 20:43:00,608 INFO o.a.j.t.JMeterThread: Thread finished: deneme1 1-8
2023-01-11 20:43:00,797 INFO o.a.j.t.JMeterThread: Thread is done: deneme1 1-9
2023-01-11 20:43:00,798 INFO o.a.j.t.JMeterThread: Thread finished: deneme1 1-9
2023-01-11 20:43:00,989 INFO o.a.j.t.JMeterThread: Thread is done: deneme1 1-10
2023-01-11 20:43:00,989 INFO o.a.j.t.JMeterThread: Thread finished: deneme1 1-10
2023-01-11 20:43:00,990 INFO o.a.j.e.StandardJMeterEngine: Notifying test listeners of end of test
2023-01-11 20:43:00,990 INFO o.a.j.g.u.JMeterMenuBar: setRunning(false, *local*)
2023-01-11 20:44:56,060 INFO o.a.j.e.StandardJMeterEngine: Running the test!
2023-01-11 20:44:56,060 INFO o.a.j.s.SampleEvent: List of sample_variables: []
2023-01-11 20:44:56,060 INFO o.a.j.g.u.JMeterMenuBar: setRunning(true, *local*)
2023-01-11 20:44:56,134 INFO o.a.j.e.StandardJMeterEngine: No enabled thread groups found
2023-01-11 20:44:56,135 INFO o.a.j.e.StandardJMeterEngine: Starting tearDown thread groups
2023-01-11 20:44:56,135 INFO o.a.j.e.StandardJMeterEngine: Starting tearDown ThreadGroup: 1 : deneme1
2023-01-11 20:44:56,135 INFO o.a.j.e.StandardJMeterEngine: Starting 10 threads for group deneme1.
2023-01-11 20:44:56,135 INFO o.a.j.e.StandardJMeterEngine: Thread will start next loop on error
2023-01-11 20:44:56,135 INFO o.a.j.t.ThreadGroup: Starting thread group... number=1 threads=10 ramp-up=2 delayedStart=false
2023-01-11 20:44:56,136 INFO o.a.j.t.JMeterThread: Thread started: deneme1 1-1
2023-01-11 20:44:56,139 INFO o.a.j.t.ThreadGroup: Started thread group number 1
2023-01-11 20:44:56,339 INFO o.a.j.t.JMeterThread: Thread started: deneme1 1-2
2023-01-11 20:44:56,540 INFO o.a.j.t.JMeterThread: Thread started: deneme1 1-3
2023-01-11 20:44:56,740 INFO o.a.j.t.JMeterThread: Thread started: deneme1 1-4
2023-01-11 20:44:56,940 INFO o.a.j.t.JMeterThread: Thread started: deneme1 1-5
2023-01-11 20:44:57,064 INFO o.a.j.t.JMeterThread: Thread is done: deneme1 1-1
2023-01-11 20:44:57,065 INFO o.a.j.t.JMeterThread: Thread finished: deneme1 1-1
2023-01-11 20:44:57,141 INFO o.a.j.t.JMeterThread: Thread started: deneme1 1-6
2023-01-11 20:44:57,190 INFO o.a.j.t.JMeterThread: Thread is done: deneme1 1-2
2023-01-11 20:44:57,190 INFO o.a.j.t.JMeterThread: Thread finished: deneme1 1-2
2023-01-11 20:44:57,339 INFO o.a.j.t.JMeterThread: Thread started: deneme1 1-7
2023-01-11 20:44:57,420 INFO o.a.j.t.JMeterThread: Thread is done: deneme1 1-3
2023-01-11 20:44:57,420 INFO o.a.j.t.JMeterThread: Thread finished: deneme1 1-3
2023-01-11 20:44:57,539 INFO o.a.j.t.JMeterThread: Thread started: deneme1 1-8
2023-01-11 20:44:57,632 INFO o.a.j.t.JMeterThread: Thread is done: deneme1 1-4
2023-01-11 20:44:57,632 INFO o.a.j.t.JMeterThread: Thread finished: deneme1 1-4
2023-01-11 20:44:57,740 INFO o.a.j.t.JMeterThread: Thread started: deneme1 1-9
2023-01-11 20:44:57,788 INFO o.a.j.t.JMeterThread: Thread is done: deneme1 1-5
2023-01-11 20:44:57,788 INFO o.a.j.t.JMeterThread: Thread finished: deneme1 1-5
2023-01-11 20:44:57,940 INFO o.a.j.t.JMeterThread: Thread started: deneme1 1-10
2023-01-11 20:44:58,018 INFO o.a.j.t.JMeterThread: Thread is done: deneme1 1-6
2023-01-11 20:44:58,018 INFO o.a.j.t.JMeterThread: Thread finished: deneme1 1-6
2023-01-11 20:44:58,227 INFO o.a.j.t.JMeterThread: Thread is done: deneme1 1-7
2023-01-11 20:44:58,227 INFO o.a.j.t.JMeterThread: Thread finished: deneme1 1-7
2023-01-11 20:44:58,400 INFO o.a.j.t.JMeterThread: Thread is done: deneme1 1-8
2023-01-11 20:44:58,400 INFO o.a.j.t.JMeterThread: Thread finished: deneme1 1-8
2023-01-11 20:44:58,610 INFO o.a.j.t.JMeterThread: Thread is done: deneme1 1-9
2023-01-11 20:44:58,610 INFO o.a.j.t.JMeterThread: Thread finished: deneme1 1-9
2023-01-11 20:44:58,785 INFO o.a.j.t.JMeterThread: Thread is done: deneme1 1-10
2023-01-11 20:44:58,785 INFO o.a.j.t.JMeterThread: Thread finished: deneme1 1-10
2023-01-11 20:44:58,800 INFO o.a.j.e.StandardJMeterEngine: Notifying test listeners of end of test
2023-01-11 20:44:58,800 INFO o.a.j.g.u.JMeterMenuBar: setRunning(false, *local*)
2023-01-11 20:46:31,502 INFO o.a.j.e.StandardJMeterEngine: Running the test!
2023-01-11 20:46:31,502 INFO o.a.j.s.SampleEvent: List of sample_variables: []
2023-01-11 20:46:31,504 INFO o.a.j.g.u.JMeterMenuBar: setRunning(true, *local*)
2023-01-11 20:46:31,578 INFO o.a.j.e.StandardJMeterEngine: No enabled thread groups found
2023-01-11 20:46:31,578 INFO o.a.j.e.StandardJMeterEngine: Starting tearDown thread groups
2023-01-11 20:46:31,578 INFO o.a.j.e.StandardJMeterEngine: Starting tearDown ThreadGroup: 1 : deneme1
2023-01-11 20:46:31,578 INFO o.a.j.e.StandardJMeterEngine: Starting 10 threads for group deneme1.
2023-01-11 20:46:31,578 INFO o.a.j.e.StandardJMeterEngine: Thread will start next loop on error
2023-01-11 20:46:31,579 INFO o.a.j.t.ThreadGroup: Starting thread group... number=1 threads=10 ramp-up=2 delayedStart=false
2023-01-11 20:46:31,583 INFO o.a.j.t.ThreadGroup: Started thread group number 1
2023-01-11 20:46:31,584 INFO o.a.j.t.JMeterThread: Thread started: deneme1 1-1
2023-01-11 20:46:31,785 INFO o.a.j.t.JMeterThread: Thread started: deneme1 1-2
2023-01-11 20:46:31,981 INFO o.a.j.t.JMeterThread: Thread started: deneme1 1-3
2023-01-11 20:46:32,184 INFO o.a.j.t.JMeterThread: Thread started: deneme1 1-4
2023-01-11 20:46:32,385 INFO o.a.j.t.JMeterThread: Thread started: deneme1 1-5
2023-01-11 20:46:32,532 INFO o.a.j.t.JMeterThread: Thread is done: deneme1 1-1
2023-01-11 20:46:32,533 INFO o.a.j.t.JMeterThread: Thread finished: deneme1 1-1
2023-01-11 20:46:32,584 INFO o.a.j.t.JMeterThread: Thread started: deneme1 1-6
2023-01-11 20:46:32,643 INFO o.a.j.t.JMeterThread: Thread is done: deneme1 1-2
2023-01-11 20:46:32,643 INFO o.a.j.t.JMeterThread: Thread finished: deneme1 1-2
2023-01-11 20:46:32,784 INFO o.a.j.t.JMeterThread: Thread started: deneme1 1-7
2023-01-11 20:46:32,861 INFO o.a.j.t.JMeterThread: Thread is done: deneme1 1-3
2023-01-11 20:46:32,862 INFO o.a.j.t.JMeterThread: Thread finished: deneme1 1-3
2023-01-11 20:46:32,983 INFO o.a.j.t.JMeterThread: Thread started: deneme1 1-8
2023-01-11 20:46:33,034 INFO o.a.j.t.JMeterThread: Thread is done: deneme1 1-4
2023-01-11 20:46:33,034 INFO o.a.j.t.JMeterThread: Thread finished: deneme1 1-4
2023-01-11 20:46:33,183 INFO o.a.j.t.JMeterThread: Thread started: deneme1 1-9
2023-01-11 20:46:33,256 INFO o.a.j.t.JMeterThread: Thread is done: deneme1 1-5
2023-01-11 20:46:33,256 INFO o.a.j.t.JMeterThread: Thread finished: deneme1 1-5
2023-01-11 20:46:33,381 INFO o.a.j.t.JMeterThread: Thread started: deneme1 1-10
2023-01-11 20:46:33,454 INFO o.a.j.t.JMeterThread: Thread is done: deneme1 1-6
2023-01-11 20:46:33,454 INFO o.a.j.t.JMeterThread: Thread finished: deneme1 1-6
2023-01-11 20:46:33,698 INFO o.a.j.t.JMeterThread: Thread is done: deneme1 1-7
2023-01-11 20:46:33,698 INFO o.a.j.t.JMeterThread: Thread finished: deneme1 1-7
2023-01-11 20:46:33,928 INFO o.a.j.t.JMeterThread: Thread is done: deneme1 1-8
2023-01-11 20:46:33,928 INFO o.a.j.t.JMeterThread: Thread finished: deneme1 1-8
2023-01-11 20:46:34,104 INFO o.a.j.t.JMeterThread: Thread is done: deneme1 1-9
2023-01-11 20:46:34,104 INFO o.a.j.t.JMeterThread: Thread finished: deneme1 1-9
2023-01-11 20:46:34,297 INFO o.a.j.t.JMeterThread: Thread is done: deneme1 1-10
2023-01-11 20:46:34,297 INFO o.a.j.t.JMeterThread: Thread finished: deneme1 1-10
2023-01-11 20:46:34,298 INFO o.a.j.e.StandardJMeterEngine: Notifying test listeners of end of test
2023-01-11 20:46:34,298 INFO o.a.j.g.u.JMeterMenuBar: setRunning(false, *local*)
2023-01-11 21:47:57,150 INFO o.a.j.v.ViewResultsFullVisualizer: Add JavaFX to your Java installation if you want to use renderer: org.apache.jmeter.visualizers.RenderInBrowser
2023-01-11 21:49:38,437 INFO o.a.j.e.StandardJMeterEngine: Running the test!
2023-01-11 21:49:38,437 INFO o.a.j.s.SampleEvent: List of sample_variables: []
2023-01-11 21:49:38,438 INFO o.a.j.g.u.JMeterMenuBar: setRunning(true, *local*)
2023-01-11 21:49:38,450 INFO o.a.j.e.StandardJMeterEngine: No enabled thread groups found
2023-01-11 21:49:38,451 INFO o.a.j.e.StandardJMeterEngine: Starting tearDown thread groups
2023-01-11 21:49:38,451 INFO o.a.j.e.StandardJMeterEngine: Starting tearDown ThreadGroup: 1 : deneme1
2023-01-11 21:49:38,451 INFO o.a.j.e.StandardJMeterEngine: Starting 10 threads for group deneme1.
2023-01-11 21:49:38,451 INFO o.a.j.e.StandardJMeterEngine: Thread will start next loop on error
2023-01-11 21:49:38,451 INFO o.a.j.t.ThreadGroup: Starting thread group... number=1 threads=10 ramp-up=2 delayedStart=false
2023-01-11 21:49:38,456 INFO o.a.j.t.ThreadGroup: Started thread group number 1
2023-01-11 21:49:38,457 INFO o.a.j.t.JMeterThread: Thread started: deneme1 1-1
2023-01-11 21:49:38,658 INFO o.a.j.t.JMeterThread: Thread started: deneme1 1-2
2023-01-11 21:49:38,859 INFO o.a.j.t.JMeterThread: Thread started: deneme1 1-3
2023-01-11 21:49:39,059 INFO o.a.j.t.JMeterThread: Thread started: deneme1 1-4
2023-01-11 21:49:39,261 INFO o.a.j.t.JMeterThread: Thread started: deneme1 1-5
2023-01-11 21:49:39,459 INFO o.a.j.t.JMeterThread: Thread started: deneme1 1-6
2023-01-11 21:49:39,661 INFO o.a.j.t.JMeterThread: Thread started: deneme1 1-7
2023-01-11 21:49:39,711 INFO o.a.j.t.JMeterThread: Thread is done: deneme1 1-1
2023-01-11 21:49:39,711 INFO o.a.j.t.JMeterThread: Thread finished: deneme1 1-1
2023-01-11 21:49:39,857 INFO o.a.j.t.JMeterThread: Thread is done: deneme1 1-2
2023-01-11 21:49:39,857 INFO o.a.j.t.JMeterThread: Thread finished: deneme1 1-2
2023-01-11 21:49:39,861 INFO o.a.j.t.JMeterThread: Thread started: deneme1 1-8
2023-01-11 21:49:40,048 INFO o.a.j.t.JMeterThread: Thread is done: deneme1 1-3
2023-01-11 21:49:40,049 INFO o.a.j.t.JMeterThread: Thread finished: deneme1 1-3
2023-01-11 21:49:40,057 INFO o.a.j.t.JMeterThread: Thread started: deneme1 1-9
2023-01-11 21:49:40,229 INFO o.a.j.t.JMeterThread: Thread is done: deneme1 1-4
2023-01-11 21:49:40,230 INFO o.a.j.t.JMeterThread: Thread finished: deneme1 1-4
2023-01-11 21:49:40,257 INFO o.a.j.t.JMeterThread: Thread started: deneme1 1-10
2023-01-11 21:49:40,480 INFO o.a.j.t.JMeterThread: Thread is done: deneme1 1-5
2023-01-11 21:49:40,480 INFO o.a.j.t.JMeterThread: Thread finished: deneme1 1-5
2023-01-11 21:49:40,645 INFO o.a.j.t.JMeterThread: Thread is done: deneme1 1-6
2023-01-11 21:49:40,645 INFO o.a.j.t.JMeterThread: Thread finished: deneme1 1-6
2023-01-11 21:49:40,854 INFO o.a.j.t.JMeterThread: Thread is done: deneme1 1-7
2023-01-11 21:49:40,854 INFO o.a.j.t.JMeterThread: Thread finished: deneme1 1-7
2023-01-11 21:49:41,028 INFO o.a.j.t.JMeterThread: Thread is done: deneme1 1-8
2023-01-11 21:49:41,028 INFO o.a.j.t.JMeterThread: Thread finished: deneme1 1-8
2023-01-11 21:49:41,290 INFO o.a.j.t.JMeterThread: Thread is done: deneme1 1-9
2023-01-11 21:49:41,290 INFO o.a.j.t.JMeterThread: Thread finished: deneme1 1-9
2023-01-11 21:49:41,462 INFO o.a.j.t.JMeterThread: Thread is done: deneme1 1-10
2023-01-11 21:49:41,462 INFO o.a.j.t.JMeterThread: Thread finished: deneme1 1-10
2023-01-11 21:49:41,463 INFO o.a.j.e.StandardJMeterEngine: Notifying test listeners of end of test
2023-01-11 21:49:41,463 INFO o.a.j.g.u.JMeterMenuBar: setRunning(false, *local*)
2023-01-11 21:54:36,161 INFO o.a.j.e.StandardJMeterEngine: Running the test!
2023-01-11 21:54:36,161 INFO o.a.j.s.SampleEvent: List of sample_variables: []
2023-01-11 21:54:36,162 INFO o.a.j.g.u.JMeterMenuBar: setRunning(true, *local*)
2023-01-11 21:54:36,248 INFO o.a.j.e.StandardJMeterEngine: No enabled thread groups found
2023-01-11 21:54:36,248 INFO o.a.j.e.StandardJMeterEngine: Starting tearDown thread groups
2023-01-11 21:54:36,248 INFO o.a.j.e.StandardJMeterEngine: Starting tearDown ThreadGroup: 1 : deneme1
2023-01-11 21:54:36,249 INFO o.a.j.e.StandardJMeterEngine: Starting 10 threads for group deneme1.
2023-01-11 21:54:36,249 INFO o.a.j.e.StandardJMeterEngine: Thread will start next loop on error
2023-01-11 21:54:36,249 INFO o.a.j.t.ThreadGroup: Starting thread group... number=1 threads=10 ramp-up=2 delayedStart=false
2023-01-11 21:54:36,250 INFO o.a.j.t.JMeterThread: Thread started: deneme1 1-1
2023-01-11 21:54:36,253 INFO o.a.j.t.ThreadGroup: Started thread group number 1
2023-01-11 21:54:36,459 INFO o.a.j.t.JMeterThread: Thread started: deneme1 1-2
2023-01-11 21:54:36,659 INFO o.a.j.t.JMeterThread: Thread started: deneme1 1-3
2023-01-11 21:54:36,857 INFO o.a.j.t.JMeterThread: Thread started: deneme1 1-4
2023-01-11 21:54:37,056 INFO o.a.j.t.JMeterThread: Thread started: deneme1 1-5
2023-01-11 21:54:37,256 INFO o.a.j.t.JMeterThread: Thread started: deneme1 1-6
2023-01-11 21:54:37,456 INFO o.a.j.t.JMeterThread: Thread started: deneme1 1-7
2023-01-11 21:54:37,562 INFO o.a.j.t.JMeterThread: Thread is done: deneme1 1-1
2023-01-11 21:54:37,562 INFO o.a.j.t.JMeterThread: Thread finished: deneme1 1-1
2023-01-11 21:54:37,656 INFO o.a.j.t.JMeterThread: Thread started: deneme1 1-8
2023-01-11 21:54:37,659 INFO o.a.j.t.JMeterThread: Thread is done: deneme1 1-2
2023-01-11 21:54:37,659 INFO o.a.j.t.JMeterThread: Thread finished: deneme1 1-2
2023-01-11 21:54:37,854 INFO o.a.j.t.JMeterThread: Thread started: deneme1 1-9
2023-01-11 21:54:37,873 INFO o.a.j.t.JMeterThread: Thread is done: deneme1 1-3
2023-01-11 21:54:37,873 INFO o.a.j.t.JMeterThread: Thread finished: deneme1 1-3
2023-01-11 21:54:38,053 INFO o.a.j.t.JMeterThread: Thread started: deneme1 1-10
2023-01-11 21:54:38,067 INFO o.a.j.t.JMeterThread: Thread is done: deneme1 1-4
2023-01-11 21:54:38,068 INFO o.a.j.t.JMeterThread: Thread finished: deneme1 1-4
2023-01-11 21:54:38,227 INFO o.a.j.t.JMeterThread: Thread is done: deneme1 1-5
2023-01-11 21:54:38,227 INFO o.a.j.t.JMeterThread: Thread finished: deneme1 1-5
2023-01-11 21:54:38,450 INFO o.a.j.t.JMeterThread: Thread is done: deneme1 1-6
2023-01-11 21:54:38,450 INFO o.a.j.t.JMeterThread: Thread finished: deneme1 1-6
2023-01-11 21:54:38,674 INFO o.a.j.t.JMeterThread: Thread is done: deneme1 1-7
2023-01-11 21:54:38,675 INFO o.a.j.t.JMeterThread: Thread finished: deneme1 1-7
2023-01-11 21:54:38,844 INFO o.a.j.t.JMeterThread: Thread is done: deneme1 1-8
2023-01-11 21:54:38,844 INFO o.a.j.t.JMeterThread: Thread finished: deneme1 1-8
2023-01-11 21:54:39,130 INFO o.a.j.t.JMeterThread: Thread is done: deneme1 1-9
2023-01-11 21:54:39,130 INFO o.a.j.t.JMeterThread: Thread finished: deneme1 1-9
2023-01-11 21:54:39,304 INFO o.a.j.t.JMeterThread: Thread is done: deneme1 1-10
2023-01-11 21:54:39,304 INFO o.a.j.t.JMeterThread: Thread finished: deneme1 1-10
2023-01-11 21:54:39,306 INFO o.a.j.e.StandardJMeterEngine: Notifying test listeners of end of test
2023-01-11 21:54:39,306 INFO o.a.j.g.u.JMeterMenuBar: setRunning(false, *local*)
2023-01-11 21:55:44,752 INFO o.a.j.e.StandardJMeterEngine: Running the test!
2023-01-11 21:55:44,752 INFO o.a.j.s.SampleEvent: List of sample_variables: []
2023-01-11 21:55:44,753 INFO o.a.j.g.u.JMeterMenuBar: setRunning(true, *local*)
2023-01-11 21:55:44,762 INFO o.a.j.e.StandardJMeterEngine: No enabled thread groups found
2023-01-11 21:55:44,762 INFO o.a.j.e.StandardJMeterEngine: Starting tearDown thread groups
2023-01-11 21:55:44,762 INFO o.a.j.e.StandardJMeterEngine: Starting tearDown ThreadGroup: 1 : deneme1
2023-01-11 21:55:44,763 INFO o.a.j.e.StandardJMeterEngine: Starting 10 threads for group deneme1.
2023-01-11 21:55:44,763 INFO o.a.j.e.StandardJMeterEngine: Thread will start next loop on error
2023-01-11 21:55:44,763 INFO o.a.j.t.ThreadGroup: Starting thread group... number=1 threads=10 ramp-up=2 delayedStart=false
2023-01-11 21:55:44,768 INFO o.a.j.t.ThreadGroup: Started thread group number 1
2023-01-11 21:55:44,771 INFO o.a.j.t.JMeterThread: Thread started: deneme1 1-1
2023-01-11 21:55:44,972 INFO o.a.j.t.JMeterThread: Thread started: deneme1 1-2
2023-01-11 21:55:45,174 INFO o.a.j.t.JMeterThread: Thread started: deneme1 1-3
2023-01-11 21:55:45,373 INFO o.a.j.t.JMeterThread: Thread started: deneme1 1-4
2023-01-11 21:55:45,569 INFO o.a.j.t.JMeterThread: Thread started: deneme1 1-5
2023-01-11 21:55:45,768 INFO o.a.j.t.JMeterThread: Thread started: deneme1 1-6
2023-01-11 21:55:45,968 INFO o.a.j.t.JMeterThread: Thread started: deneme1 1-7
2023-01-11 21:55:46,045 INFO o.a.j.t.JMeterThread: Thread is done: deneme1 1-1
2023-01-11 21:55:46,045 INFO o.a.j.t.JMeterThread: Thread finished: deneme1 1-1
2023-01-11 21:55:46,134 INFO o.a.j.t.JMeterThread: Thread is done: deneme1 1-2
2023-01-11 21:55:46,134 INFO o.a.j.t.JMeterThread: Thread finished: deneme1 1-2
2023-01-11 21:55:46,174 INFO o.a.j.t.JMeterThread: Thread started: deneme1 1-8
2023-01-11 21:55:46,329 INFO o.a.j.t.JMeterThread: Thread is done: deneme1 1-3
2023-01-11 21:55:46,329 INFO o.a.j.t.JMeterThread: Thread finished: deneme1 1-3
2023-01-11 21:55:46,373 INFO o.a.j.t.JMeterThread: Thread started: deneme1 1-9
2023-01-11 21:55:46,536 INFO o.a.j.t.JMeterThread: Thread is done: deneme1 1-4
2023-01-11 21:55:46,536 INFO o.a.j.t.JMeterThread: Thread finished: deneme1 1-4
2023-01-11 21:55:46,568 INFO o.a.j.t.JMeterThread: Thread started: deneme1 1-10
2023-01-11 21:55:46,737 INFO o.a.j.t.JMeterThread: Thread is done: deneme1 1-5
2023-01-11 21:55:46,752 INFO o.a.j.t.JMeterThread: Thread finished: deneme1 1-5
2023-01-11 21:55:46,971 INFO o.a.j.t.JMeterThread: Thread is done: deneme1 1-6
2023-01-11 21:55:46,971 INFO o.a.j.t.JMeterThread: Thread finished: deneme1 1-6
2023-01-11 21:55:47,147 INFO o.a.j.t.JMeterThread: Thread is done: deneme1 1-7
2023-01-11 21:55:47,147 INFO o.a.j.t.JMeterThread: Thread finished: deneme1 1-7
2023-01-11 21:55:47,337 INFO o.a.j.t.JMeterThread: Thread is done: deneme1 1-8
2023-01-11 21:55:47,353 INFO o.a.j.t.JMeterThread: Thread finished: deneme1 1-8
2023-01-11 21:55:47,525 INFO o.a.j.t.JMeterThread: Thread is done: deneme1 1-9
2023-01-11 21:55:47,525 INFO o.a.j.t.JMeterThread: Thread finished: deneme1 1-9
2023-01-11 21:55:47,730 INFO o.a.j.t.JMeterThread: Thread is done: deneme1 1-10
2023-01-11 21:55:47,730 INFO o.a.j.t.JMeterThread: Thread finished: deneme1 1-10
2023-01-11 21:55:47,731 INFO o.a.j.e.StandardJMeterEngine: Notifying test listeners of end of test
2023-01-11 21:55:47,733 INFO o.a.j.g.u.JMeterMenuBar: setRunning(false, *local*)
2023-01-11 21:58:54,239 INFO o.a.j.e.StandardJMeterEngine: Running the test!
2023-01-11 21:58:54,240 INFO o.a.j.s.SampleEvent: List of sample_variables: []
2023-01-11 21:58:54,240 INFO o.a.j.g.u.JMeterMenuBar: setRunning(true, *local*)
2023-01-11 21:58:54,319 INFO o.a.j.e.StandardJMeterEngine: No enabled thread groups found
2023-01-11 21:58:54,320 INFO o.a.j.e.StandardJMeterEngine: Starting tearDown thread groups
2023-01-11 21:58:54,320 INFO o.a.j.e.StandardJMeterEngine: Starting tearDown ThreadGroup: 1 : deneme1
2023-01-11 21:58:54,320 INFO o.a.j.e.StandardJMeterEngine: Starting 10 threads for group deneme1.
2023-01-11 21:58:54,320 INFO o.a.j.e.StandardJMeterEngine: Thread will start next loop on error
2023-01-11 21:58:54,320 INFO o.a.j.t.ThreadGroup: Starting thread group... number=1 threads=10 ramp-up=2 delayedStart=false
2023-01-11 21:58:54,321 INFO o.a.j.t.JMeterThread: Thread started: deneme1 1-1
2023-01-11 21:58:54,324 INFO o.a.j.t.ThreadGroup: Started thread group number 1
2023-01-11 21:58:54,526 INFO o.a.j.t.JMeterThread: Thread started: deneme1 1-2
2023-01-11 21:58:54,726 INFO o.a.j.t.JMeterThread: Thread started: deneme1 1-3
2023-01-11 21:58:54,926 INFO o.a.j.t.JMeterThread: Thread started: deneme1 1-4
2023-01-11 21:58:55,127 INFO o.a.j.t.JMeterThread: Thread started: deneme1 1-5
2023-01-11 21:58:55,326 INFO o.a.j.t.JMeterThread: Thread started: deneme1 1-6
2023-01-11 21:58:55,525 INFO o.a.j.t.JMeterThread: Thread started: deneme1 1-7
2023-01-11 21:58:55,589 INFO o.a.j.t.JMeterThread: Thread is done: deneme1 1-1
2023-01-11 21:58:55,589 INFO o.a.j.t.JMeterThread: Thread finished: deneme1 1-1
2023-01-11 21:58:55,709 INFO o.a.j.t.JMeterThread: Thread is done: deneme1 1-2
2023-01-11 21:58:55,709 INFO o.a.j.t.JMeterThread: Thread finished: deneme1 1-2
2023-01-11 21:58:55,725 INFO o.a.j.t.JMeterThread: Thread started: deneme1 1-8
2023-01-11 21:58:55,899 INFO o.a.j.t.JMeterThread: Thread is done: deneme1 1-3
2023-01-11 21:58:55,899 INFO o.a.j.t.JMeterThread: Thread finished: deneme1 1-3
2023-01-11 21:58:55,927 INFO o.a.j.t.JMeterThread: Thread started: deneme1 1-9
2023-01-11 21:58:56,116 INFO o.a.j.t.JMeterThread: Thread is done: deneme1 1-4
2023-01-11 21:58:56,116 INFO o.a.j.t.JMeterThread: Thread finished: deneme1 1-4
2023-01-11 21:58:56,125 INFO o.a.j.t.JMeterThread: Thread started: deneme1 1-10
2023-01-11 21:58:56,326 INFO o.a.j.t.JMeterThread: Thread is done: deneme1 1-5
2023-01-11 21:58:56,326 INFO o.a.j.t.JMeterThread: Thread finished: deneme1 1-5
2023-01-11 21:58:56,502 INFO o.a.j.t.JMeterThread: Thread is done: deneme1 1-6
2023-01-11 21:58:56,502 INFO o.a.j.t.JMeterThread: Thread finished: deneme1 1-6
2023-01-11 21:58:56,718 INFO o.a.j.t.JMeterThread: Thread is done: deneme1 1-7
2023-01-11 21:58:56,718 INFO o.a.j.t.JMeterThread: Thread finished: deneme1 1-7
2023-01-11 21:58:56,926 INFO o.a.j.t.JMeterThread: Thread is done: deneme1 1-8
2023-01-11 21:58:56,926 INFO o.a.j.t.JMeterThread: Thread finished: deneme1 1-8
2023-01-11 21:58:57,105 INFO o.a.j.t.JMeterThread: Thread is done: deneme1 1-9
2023-01-11 21:58:57,106 INFO o.a.j.t.JMeterThread: Thread finished: deneme1 1-9
2023-01-11 21:58:57,306 INFO o.a.j.t.JMeterThread: Thread is done: deneme1 1-10
2023-01-11 21:58:57,306 INFO o.a.j.t.JMeterThread: Thread finished: deneme1 1-10
2023-01-11 21:58:57,307 INFO o.a.j.e.StandardJMeterEngine: Notifying test listeners of end of test
2023-01-11 21:58:57,308 INFO o.a.j.g.u.JMeterMenuBar: setRunning(false, *local*)
